
Book ãƒ¢ãƒ‡ãƒ«ã«é–¢ã™ã‚‹ãƒ†ã‚¹ãƒˆ
  å®Ÿéš›ã«ä¿å­˜ã—ã¦ã¿ã‚‹
[32m    æœ‰åŠ¹ãªæŠ•ç¨¿å†…å®¹ã®å ´åˆã¯ä¿å­˜ã•ã‚Œã‚‹ã‹[0m
  ç©ºç™½ã®ãƒãƒªãƒ‡ãƒ¼ã‚·ãƒ§ãƒ³ãƒã‚§ãƒƒã‚¯
[32m    titleãŒç©ºç™½ã®å ´åˆã«ãƒãƒªãƒ‡ãƒ¼ã‚·ãƒ§ãƒ³ãƒã‚§ãƒƒã‚¯ã•ã‚Œç©ºç™½ã®ã‚¨ãƒ©ãƒ¼ãƒ¡ãƒƒã‚»ãƒ¼ã‚¸ãŒè¿”ã£ã¦ãã¦ã„ã‚‹ã‹[0m
[32m    bodyãŒç©ºç™½ã®å ´åˆã«ãƒãƒªãƒ‡ãƒ¼ã‚·ãƒ§ãƒ³ãƒã‚§ãƒƒã‚¯ã•ã‚Œç©ºç™½ã®ã‚¨ãƒ©ãƒ¼ãƒ¡ãƒƒã‚»ãƒ¼ã‚¸ãŒè¿”ã£ã¦ãã¦ã„ã‚‹ã‹[0m
  titleã‚’ç©ºç™½ã§æŠ•ç¨¿ã—ãŸå ´åˆã«ç”»é¢ã«ã‚¨ãƒ©ãƒ¼ãƒ¡ãƒƒã‚»ãƒ¼ã‚¸ãŒè¡¨ç¤ºã•ã‚Œã¦ã„ã‚‹ã‹
[32m    ã‚¨ãƒ©ãƒ¼ãƒ¡ãƒƒã‚»ãƒ¼ã‚¸ã¯æ­£ã—ãè¡¨ç¤ºã•ã‚Œã‚‹ã‹[0m
  bodyã‚’ç©ºç™½ã§æŠ•ç¨¿ã—ãŸå ´åˆã«ç”»é¢ã«ã‚¨ãƒ©ãƒ¼ãƒ¡ãƒƒã‚»ãƒ¼ã‚¸ãŒè¡¨ç¤ºã•ã‚Œã¦ã„ã‚‹ã‹
[32m    ã‚¨ãƒ©ãƒ¼ãƒ¡ãƒƒã‚»ãƒ¼ã‚¸ã¯æ­£ã—ãè¡¨ç¤ºã•ã‚Œã‚‹ã‹[0m

æŠ•ç¨¿ã®ãƒ†ã‚¹ãƒˆ
  ãƒˆãƒƒãƒ—ç”»é¢(root_path)ã®ãƒ†ã‚¹ãƒˆ
    è¡¨ç¤ºã®ç¢ºèª
[32m      ãƒˆãƒƒãƒ—ç”»é¢(root_path)ã«ä¸€è¦§ãƒšãƒ¼ã‚¸ã¸ã®ãƒªãƒ³ã‚¯ãŒè¡¨ç¤ºã•ã‚Œã¦ã„ã‚‹ã‹[0m
[32m      root_pathãŒ"/"ã§ã‚ã‚‹ã‹[0m
  ä¸€è¦§ç”»é¢ã®ãƒ†ã‚¹ãƒˆ
    ä¸€è¦§ã®è¡¨ç¤ºã¨ãƒªãƒ³ã‚¯ã®ç¢ºèª
[32m      bookã®ä¸€è¦§è¡¨ç¤º(tableã‚¿ã‚°)ã¨æŠ•ç¨¿ãƒ•ã‚©ãƒ¼ãƒ ãŒåŒä¸€ç”»é¢ã«è¡¨ç¤ºã•ã‚Œã¦ã„ã‚‹ã‹[0m
[32m      bookã®ã‚¿ã‚¤ãƒˆãƒ«ã¨æ„Ÿæƒ³ã‚’è¡¨ç¤ºã—ã€è©³ç´°ãƒ»ç·¨é›†ãƒ»å‰Šé™¤ã®ãƒªãƒ³ã‚¯ãŒè¡¨ç¤ºã•ã‚Œã¦ã„ã‚‹ã‹[0m
[32m      Create Bookãƒœã‚¿ãƒ³ãŒè¡¨ç¤ºã•ã‚Œã‚‹[0m
    æŠ•ç¨¿å‡¦ç†ã«é–¢ã™ã‚‹ãƒ†ã‚¹ãƒˆ
[32m      æŠ•ç¨¿ã«æˆåŠŸã—ã‚µã‚¯ã‚»ã‚¹ãƒ¡ãƒƒã‚»ãƒ¼ã‚¸ãŒè¡¨ç¤ºã•ã‚Œã‚‹ã‹[0m
[32m      æŠ•ç¨¿ã«å¤±æ•—ã™ã‚‹[0m
[32m      æŠ•ç¨¿å¾Œã®ãƒªãƒ€ã‚¤ãƒ¬ã‚¯ãƒˆå…ˆã¯æ­£ã—ã„ã‹[0m
    bookå‰Šé™¤ã®ãƒ†ã‚¹ãƒˆ
[32m      bookã®å‰Šé™¤[0m
  è©³ç´°ç”»é¢ã®ãƒ†ã‚¹ãƒˆ
    è¡¨ç¤ºã®ç¢ºèª
[32m      æœ¬ã®ã‚¿ã‚¤ãƒˆãƒ«ã¨æ„Ÿæƒ³ãŒç”»é¢ã«è¡¨ç¤ºã•ã‚Œã¦ã„ã‚‹ã“ã¨[0m
[32m      Editãƒªãƒ³ã‚¯ãŒè¡¨ç¤ºã•ã‚Œã‚‹[0m
[32m      Backãƒªãƒ³ã‚¯ãŒè¡¨ç¤ºã•ã‚Œã‚‹[0m
    ãƒªãƒ³ã‚¯ã®é·ç§»å…ˆã®ç¢ºèª
[32m      Editã®é·ç§»å…ˆã¯ç·¨é›†ç”»é¢ã‹[0m
[32m      Backã®é·ç§»å…ˆã¯ä¸€è¦§ç”»é¢ã‹[0m
  ç·¨é›†ç”»é¢ã®ãƒ†ã‚¹ãƒˆ
    è¡¨ç¤ºã®ç¢ºèª
[32m      ç·¨é›†å‰ã®ã‚¿ã‚¤ãƒˆãƒ«ã¨æ„Ÿæƒ³ãŒãƒ•ã‚©ãƒ¼ãƒ ã«è¡¨ç¤º(ã‚»ãƒƒãƒˆ)ã•ã‚Œã¦ã„ã‚‹[0m
[31m      Update Bookãƒœã‚¿ãƒ³ãŒè¡¨ç¤ºã•ã‚Œã‚‹ (FAILED - 1)[0m
[32m      Showãƒªãƒ³ã‚¯ãŒè¡¨ç¤ºã•ã‚Œã‚‹[0m
[32m      Backãƒªãƒ³ã‚¯ãŒè¡¨ç¤ºã•ã‚Œã‚‹[0m
    ãƒªãƒ³ã‚¯ã®é·ç§»å…ˆã®ç¢ºèª
[32m      Showã®é·ç§»å…ˆã¯è©³ç´°ç”»é¢ã‹[0m
[32m      Backã®é·ç§»å…ˆã¯ä¸€è¦§ç”»é¢ã‹[0m
    æ›´æ–°å‡¦ç†ã«é–¢ã™ã‚‹ãƒ†ã‚¹ãƒˆ
[31m      æ›´æ–°ã«æˆåŠŸã—ã‚µã‚¯ã‚»ã‚¹ãƒ¡ãƒƒã‚»ãƒ¼ã‚¸ãŒè¡¨ç¤ºã•ã‚Œã‚‹ã‹ (FAILED - 2)[0m
[31m      æ›´æ–°ã«å¤±æ•—ã—ã‚¨ãƒ©ãƒ¼ãƒ¡ãƒƒã‚»ãƒ¼ã‚¸ãŒè¡¨ç¤ºã•ã‚Œã‚‹ã‹ (FAILED - 3)[0m
[31m      æ›´æ–°å¾Œã®ãƒªãƒ€ã‚¤ãƒ¬ã‚¯ãƒˆå…ˆã¯æ­£ã—ã„ã‹ (FAILED - 4)[0m

Failures:

  1) æŠ•ç¨¿ã®ãƒ†ã‚¹ãƒˆ ç·¨é›†ç”»é¢ã®ãƒ†ã‚¹ãƒˆ è¡¨ç¤ºã®ç¢ºèª Update Bookãƒœã‚¿ãƒ³ãŒè¡¨ç¤ºã•ã‚Œã‚‹
     [31mFailure/Error: expect(page).to have_button 'Update Book'[0m
     [31m  expected to find button "Update Book" that is not disabled but there were no matches[0m
     [36m# ./spec/system/books_spec.rb:122:in `block (4 levels) in <main>'[0m

  2) æŠ•ç¨¿ã®ãƒ†ã‚¹ãƒˆ ç·¨é›†ç”»é¢ã®ãƒ†ã‚¹ãƒˆ æ›´æ–°å‡¦ç†ã«é–¢ã™ã‚‹ãƒ†ã‚¹ãƒˆ æ›´æ–°ã«æˆåŠŸã—ã‚µã‚¯ã‚»ã‚¹ãƒ¡ãƒƒã‚»ãƒ¼ã‚¸ãŒè¡¨ç¤ºã•ã‚Œã‚‹ã‹
     [31mFailure/Error: click_button 'Update Book'[0m
     [31m[0m
     [31mCapybara::ElementNotFound:[0m
     [31m  Unable to find button "Update Book" that is not disabled[0m
     [36m# /home/ec2-user/.rvm/gems/ruby-3.1.2/gems/capybara-3.37.1/lib/capybara/node/finders.rb:310:in `block in synced_resolve'[0m
     [36m# /home/ec2-user/.rvm/gems/ruby-3.1.2/gems/capybara-3.37.1/lib/capybara/node/base.rb:83:in `synchronize'[0m
     [36m# /home/ec2-user/.rvm/gems/ruby-3.1.2/gems/capybara-3.37.1/lib/capybara/node/finders.rb:299:in `synced_resolve'[0m
     [36m# /home/ec2-user/.rvm/gems/ruby-3.1.2/gems/capybara-3.37.1/lib/capybara/node/finders.rb:60:in `find'[0m
     [36m# /home/ec2-user/.rvm/gems/ruby-3.1.2/gems/capybara-3.37.1/lib/capybara/node/actions.rb:58:in `click_button'[0m
     [36m# /home/ec2-user/.rvm/gems/ruby-3.1.2/gems/capybara-3.37.1/lib/capybara/session.rb:771:in `click_button'[0m
     [36m# /home/ec2-user/.rvm/gems/ruby-3.1.2/gems/capybara-3.37.1/lib/capybara/dsl.rb:52:in `call'[0m
     [36m# /home/ec2-user/.rvm/gems/ruby-3.1.2/gems/capybara-3.37.1/lib/capybara/dsl.rb:52:in `click_button'[0m
     [36m# ./spec/system/books_spec.rb:149:in `block (4 levels) in <main>'[0m

  3) æŠ•ç¨¿ã®ãƒ†ã‚¹ãƒˆ ç·¨é›†ç”»é¢ã®ãƒ†ã‚¹ãƒˆ æ›´æ–°å‡¦ç†ã«é–¢ã™ã‚‹ãƒ†ã‚¹ãƒˆ æ›´æ–°ã«å¤±æ•—ã—ã‚¨ãƒ©ãƒ¼ãƒ¡ãƒƒã‚»ãƒ¼ã‚¸ãŒè¡¨ç¤ºã•ã‚Œã‚‹ã‹
     [31mFailure/Error: click_button 'Update Book'[0m
     [31m[0m
     [31mCapybara::ElementNotFound:[0m
     [31m  Unable to find button "Update Book" that is not disabled[0m
     [36m# /home/ec2-user/.rvm/gems/ruby-3.1.2/gems/capybara-3.37.1/lib/capybara/node/finders.rb:310:in `block in synced_resolve'[0m
     [36m# /home/ec2-user/.rvm/gems/ruby-3.1.2/gems/capybara-3.37.1/lib/capybara/node/base.rb:83:in `synchronize'[0m
     [36m# /home/ec2-user/.rvm/gems/ruby-3.1.2/gems/capybara-3.37.1/lib/capybara/node/finders.rb:299:in `synced_resolve'[0m
     [36m# /home/ec2-user/.rvm/gems/ruby-3.1.2/gems/capybara-3.37.1/lib/capybara/node/finders.rb:60:in `find'[0m
     [36m# /home/ec2-user/.rvm/gems/ruby-3.1.2/gems/capybara-3.37.1/lib/capybara/node/actions.rb:58:in `click_button'[0m
     [36m# /home/ec2-user/.rvm/gems/ruby-3.1.2/gems/capybara-3.37.1/lib/capybara/session.rb:771:in `click_button'[0m
     [36m# /home/ec2-user/.rvm/gems/ruby-3.1.2/gems/capybara-3.37.1/lib/capybara/dsl.rb:52:in `call'[0m
     [36m# /home/ec2-user/.rvm/gems/ruby-3.1.2/gems/capybara-3.37.1/lib/capybara/dsl.rb:52:in `click_button'[0m
     [36m# ./spec/system/books_spec.rb:155:in `block (4 levels) in <main>'[0m

  4) æŠ•ç¨¿ã®ãƒ†ã‚¹ãƒˆ ç·¨é›†ç”»é¢ã®ãƒ†ã‚¹ãƒˆ æ›´æ–°å‡¦ç†ã«é–¢ã™ã‚‹ãƒ†ã‚¹ãƒˆ æ›´æ–°å¾Œã®ãƒªãƒ€ã‚¤ãƒ¬ã‚¯ãƒˆå…ˆã¯æ­£ã—ã„ã‹
     [31mFailure/Error: click_button 'Update Book'[0m
     [31m[0m
     [31mCapybara::ElementNotFound:[0m
     [31m  Unable to find button "Update Book" that is not disabled[0m
     [36m# /home/ec2-user/.rvm/gems/ruby-3.1.2/gems/capybara-3.37.1/lib/capybara/node/finders.rb:310:in `block in synced_resolve'[0m
     [36m# /home/ec2-user/.rvm/gems/ruby-3.1.2/gems/capybara-3.37.1/lib/capybara/node/base.rb:83:in `synchronize'[0m
     [36m# /home/ec2-user/.rvm/gems/ruby-3.1.2/gems/capybara-3.37.1/lib/capybara/node/finders.rb:299:in `synced_resolve'[0m
     [36m# /home/ec2-user/.rvm/gems/ruby-3.1.2/gems/capybara-3.37.1/lib/capybara/node/finders.rb:60:in `find'[0m
     [36m# /home/ec2-user/.rvm/gems/ruby-3.1.2/gems/capybara-3.37.1/lib/capybara/node/actions.rb:58:in `click_button'[0m
     [36m# /home/ec2-user/.rvm/gems/ruby-3.1.2/gems/capybara-3.37.1/lib/capybara/session.rb:771:in `click_button'[0m
     [36m# /home/ec2-user/.rvm/gems/ruby-3.1.2/gems/capybara-3.37.1/lib/capybara/dsl.rb:52:in `call'[0m
     [36m# /home/ec2-user/.rvm/gems/ruby-3.1.2/gems/capybara-3.37.1/lib/capybara/dsl.rb:52:in `click_button'[0m
     [36m# ./spec/system/books_spec.rb:161:in `block (4 levels) in <main>'[0m

Finished in 1.15 seconds (files took 2.62 seconds to load)
[31m28 examples, 4 failures[0m

Failed examples:

[31mrspec ./spec/system/books_spec.rb:121[0m [36m# æŠ•ç¨¿ã®ãƒ†ã‚¹ãƒˆ ç·¨é›†ç”»é¢ã®ãƒ†ã‚¹ãƒˆ è¡¨ç¤ºã®ç¢ºèª Update Bookãƒœã‚¿ãƒ³ãŒè¡¨ç¤ºã•ã‚Œã‚‹[0m
[31mrspec ./spec/system/books_spec.rb:146[0m [36m# æŠ•ç¨¿ã®ãƒ†ã‚¹ãƒˆ ç·¨é›†ç”»é¢ã®ãƒ†ã‚¹ãƒˆ æ›´æ–°å‡¦ç†ã«é–¢ã™ã‚‹ãƒ†ã‚¹ãƒˆ æ›´æ–°ã«æˆåŠŸã—ã‚µã‚¯ã‚»ã‚¹ãƒ¡ãƒƒã‚»ãƒ¼ã‚¸ãŒè¡¨ç¤ºã•ã‚Œã‚‹ã‹[0m
[31mrspec ./spec/system/books_spec.rb:152[0m [36m# æŠ•ç¨¿ã®ãƒ†ã‚¹ãƒˆ ç·¨é›†ç”»é¢ã®ãƒ†ã‚¹ãƒˆ æ›´æ–°å‡¦ç†ã«é–¢ã™ã‚‹ãƒ†ã‚¹ãƒˆ æ›´æ–°ã«å¤±æ•—ã—ã‚¨ãƒ©ãƒ¼ãƒ¡ãƒƒã‚»ãƒ¼ã‚¸ãŒè¡¨ç¤ºã•ã‚Œã‚‹ã‹[0m
[31mrspec ./spec/system/books_spec.rb:158[0m [36m# æŠ•ç¨¿ã®ãƒ†ã‚¹ãƒˆ ç·¨é›†ç”»é¢ã®ãƒ†ã‚¹ãƒˆ æ›´æ–°å‡¦ç†ã«é–¢ã™ã‚‹ãƒ†ã‚¹ãƒˆ æ›´æ–°å¾Œã®ãƒªãƒ€ã‚¤ãƒ¬ã‚¯ãƒˆå…ˆã¯æ­£ã—ã„ã‹[0m

